<?xml version="1.0" encoding="UTF-8"?>
<!-- Generated by org.testng.reporters.JUnitXMLReporter -->
<testsuite hostname="Anweshs-MacBook-Pro.local" ignored="0" name="Default test" tests="3" failures="0" timestamp="2020-04-22T03:21:12 IST" time="23.167" errors="0">
  <testcase name="registerPage" time="5.538" classname="tours.RegisterTestCase"/>
  <testcase name="registerPage" time="3.519" classname="tours.RegisterTestCase"/>
  <testcase name="registerPage" time="3.369" classname="tours.RegisterTestCase"/>
</testsuite> <!-- Default test -->
