<?xml version="1.0" encoding="UTF-8"?>
<testng-results skipped="0" failed="1" ignored="0" total="14" passed="13">
  <reporter-output>
  </reporter-output>
  <suite name="Suite" duration-ms="104761" started-at="2020-04-22T22:01:00 IST" finished-at="2020-04-22T22:02:45 IST">
    <groups>
    </groups>
    <test name="Regression" duration-ms="104761" started-at="2020-04-22T22:01:00 IST" finished-at="2020-04-22T22:02:45 IST">
      <class name="tours.RegisterTestCase">
        <test-method status="PASS" signature="initializeDriver()[pri:0, instance:tours.RegisterTestCase@3c0be339]" name="initializeDriver" is-config="true" duration-ms="3301" started-at="2020-04-22T22:01:27 IST" finished-at="2020-04-22T22:01:30 IST">
          <reporter-output>
          </reporter-output>
        </test-method> <!-- initializeDriver -->
        <test-method status="PASS" signature="registerPage(java.lang.String, java.lang.String, java.lang.String, java.lang.String, java.lang.String, java.lang.String, java.lang.String, java.lang.String, java.lang.String, java.lang.String, java.lang.String, java.lang.String, java.lang.String)[pri:0, instance:tours.RegisterTestCase@3c0be339]" name="registerPage" duration-ms="5979" started-at="2020-04-22T22:01:30 IST" data-provider="getData" finished-at="2020-04-22T22:01:36 IST">
          <params>
            <param index="0">
              <value>
                <![CDATA[anwesh]]>
              </value>
            </param>
            <param index="1">
              <value>
                <![CDATA[oruganti]]>
              </value>
            </param>
            <param index="2">
              <value>
                <![CDATA[1234]]>
              </value>
            </param>
            <param index="3">
              <value>
                <![CDATA[a@gmail.com]]>
              </value>
            </param>
            <param index="4">
              <value>
                <![CDATA[ranipuram1]]>
              </value>
            </param>
            <param index="5">
              <value>
                <![CDATA[kothapally1]]>
              </value>
            </param>
            <param index="6">
              <value>
                <![CDATA[karimnagar1]]>
              </value>
            </param>
            <param index="7">
              <value>
                <![CDATA[telangana1]]>
              </value>
            </param>
            <param index="8">
              <value>
                <![CDATA[505450]]>
              </value>
            </param>
            <param index="9">
              <value>
                <![CDATA[INDIA]]>
              </value>
            </param>
            <param index="10">
              <value>
                <![CDATA[anwesh]]>
              </value>
            </param>
            <param index="11">
              <value>
                <![CDATA[1234]]>
              </value>
            </param>
            <param index="12">
              <value>
                <![CDATA[1234]]>
              </value>
            </param>
          </params>
          <reporter-output>
          </reporter-output>
        </test-method> <!-- registerPage -->
        <test-method status="PASS" signature="driverQuit()[pri:0, instance:tours.RegisterTestCase@3c0be339]" name="driverQuit" is-config="true" duration-ms="84" started-at="2020-04-22T22:01:36 IST" finished-at="2020-04-22T22:01:36 IST">
          <reporter-output>
          </reporter-output>
        </test-method> <!-- driverQuit -->
        <test-method status="PASS" signature="initializeDriver()[pri:0, instance:tours.RegisterTestCase@3c0be339]" name="initializeDriver" is-config="true" duration-ms="3198" started-at="2020-04-22T22:01:36 IST" finished-at="2020-04-22T22:01:40 IST">
          <reporter-output>
          </reporter-output>
        </test-method> <!-- initializeDriver -->
        <test-method status="PASS" signature="registerPage(java.lang.String, java.lang.String, java.lang.String, java.lang.String, java.lang.String, java.lang.String, java.lang.String, java.lang.String, java.lang.String, java.lang.String, java.lang.String, java.lang.String, java.lang.String)[pri:0, instance:tours.RegisterTestCase@3c0be339]" name="registerPage" duration-ms="5836" started-at="2020-04-22T22:01:40 IST" data-provider="getData" finished-at="2020-04-22T22:01:45 IST">
          <params>
            <param index="0">
              <value>
                <![CDATA[snehith]]>
              </value>
            </param>
            <param index="1">
              <value>
                <![CDATA[yeruva]]>
              </value>
            </param>
            <param index="2">
              <value>
                <![CDATA[12345]]>
              </value>
            </param>
            <param index="3">
              <value>
                <![CDATA[b@gmail.com]]>
              </value>
            </param>
            <param index="4">
              <value>
                <![CDATA[ranipuram2]]>
              </value>
            </param>
            <param index="5">
              <value>
                <![CDATA[kothapally2]]>
              </value>
            </param>
            <param index="6">
              <value>
                <![CDATA[karimnagar2]]>
              </value>
            </param>
            <param index="7">
              <value>
                <![CDATA[telangana2]]>
              </value>
            </param>
            <param index="8">
              <value>
                <![CDATA[505451]]>
              </value>
            </param>
            <param index="9">
              <value>
                <![CDATA[UNITED STATES]]>
              </value>
            </param>
            <param index="10">
              <value>
                <![CDATA[snehith]]>
              </value>
            </param>
            <param index="11">
              <value>
                <![CDATA[12345]]>
              </value>
            </param>
            <param index="12">
              <value>
                <![CDATA[12345]]>
              </value>
            </param>
          </params>
          <reporter-output>
          </reporter-output>
        </test-method> <!-- registerPage -->
        <test-method status="PASS" signature="driverQuit()[pri:0, instance:tours.RegisterTestCase@3c0be339]" name="driverQuit" is-config="true" duration-ms="85" started-at="2020-04-22T22:01:45 IST" finished-at="2020-04-22T22:01:45 IST">
          <reporter-output>
          </reporter-output>
        </test-method> <!-- driverQuit -->
        <test-method status="PASS" signature="initializeDriver()[pri:0, instance:tours.RegisterTestCase@3c0be339]" name="initializeDriver" is-config="true" duration-ms="3067" started-at="2020-04-22T22:01:45 IST" finished-at="2020-04-22T22:01:49 IST">
          <reporter-output>
          </reporter-output>
        </test-method> <!-- initializeDriver -->
        <test-method status="PASS" signature="registerPage(java.lang.String, java.lang.String, java.lang.String, java.lang.String, java.lang.String, java.lang.String, java.lang.String, java.lang.String, java.lang.String, java.lang.String, java.lang.String, java.lang.String, java.lang.String)[pri:0, instance:tours.RegisterTestCase@3c0be339]" name="registerPage" duration-ms="6629" started-at="2020-04-22T22:01:49 IST" data-provider="getData" finished-at="2020-04-22T22:01:55 IST">
          <params>
            <param index="0">
              <value>
                <![CDATA[karunya]]>
              </value>
            </param>
            <param index="1">
              <value>
                <![CDATA[yeruva]]>
              </value>
            </param>
            <param index="2">
              <value>
                <![CDATA[123456]]>
              </value>
            </param>
            <param index="3">
              <value>
                <![CDATA[c@gmail.com]]>
              </value>
            </param>
            <param index="4">
              <value>
                <![CDATA[ranipuram3]]>
              </value>
            </param>
            <param index="5">
              <value>
                <![CDATA[kothapally3]]>
              </value>
            </param>
            <param index="6">
              <value>
                <![CDATA[karimnagar3]]>
              </value>
            </param>
            <param index="7">
              <value>
                <![CDATA[telangana3]]>
              </value>
            </param>
            <param index="8">
              <value>
                <![CDATA[505452]]>
              </value>
            </param>
            <param index="9">
              <value>
                <![CDATA[UNITED KINGDOM]]>
              </value>
            </param>
            <param index="10">
              <value>
                <![CDATA[karunya]]>
              </value>
            </param>
            <param index="11">
              <value>
                <![CDATA[123456]]>
              </value>
            </param>
            <param index="12">
              <value>
                <![CDATA[123456]]>
              </value>
            </param>
          </params>
          <reporter-output>
          </reporter-output>
        </test-method> <!-- registerPage -->
        <test-method status="PASS" signature="driverQuit()[pri:0, instance:tours.RegisterTestCase@3c0be339]" name="driverQuit" is-config="true" duration-ms="80" started-at="2020-04-22T22:01:55 IST" finished-at="2020-04-22T22:01:55 IST">
          <reporter-output>
          </reporter-output>
        </test-method> <!-- driverQuit -->
      </class> <!-- tours.RegisterTestCase -->
      <class name="tours.RoundTripTestCase">
        <test-method status="PASS" signature="initializeDriver()[pri:0, instance:tours.RoundTripTestCase@1ebd319f]" name="initializeDriver" is-config="true" duration-ms="3738" started-at="2020-04-22T22:01:16 IST" finished-at="2020-04-22T22:01:20 IST">
          <reporter-output>
          </reporter-output>
        </test-method> <!-- initializeDriver -->
        <test-method status="PASS" signature="login(java.lang.String, java.lang.String)[pri:0, instance:tours.RoundTripTestCase@1ebd319f]" name="login" duration-ms="4047" started-at="2020-04-22T22:01:20 IST" finished-at="2020-04-22T22:01:24 IST">
          <params>
            <param index="0">
              <value>
                <![CDATA[anwesh]]>
              </value>
            </param>
            <param index="1">
              <value>
                <![CDATA[1234]]>
              </value>
            </param>
          </params>
          <reporter-output>
          </reporter-output>
        </test-method> <!-- login -->
        <test-method status="PASS" signature="RoundTrip(java.lang.String, java.lang.String, java.lang.String, java.lang.String, java.lang.String, java.lang.String, java.lang.String, java.lang.String, java.lang.String)[pri:0, instance:tours.RoundTripTestCase@1ebd319f]" name="RoundTrip" duration-ms="3069" started-at="2020-04-22T22:01:24 IST" data-provider="getData1" depends-on-methods="tours.RoundTripTestCase.login" finished-at="2020-04-22T22:01:27 IST">
          <params>
            <param index="0">
              <value>
                <![CDATA[4]]>
              </value>
            </param>
            <param index="1">
              <value>
                <![CDATA[Paris]]>
              </value>
            </param>
            <param index="2">
              <value>
                <![CDATA[July]]>
              </value>
            </param>
            <param index="3">
              <value>
                <![CDATA[12]]>
              </value>
            </param>
            <param index="4">
              <value>
                <![CDATA[New York]]>
              </value>
            </param>
            <param index="5">
              <value>
                <![CDATA[July]]>
              </value>
            </param>
            <param index="6">
              <value>
                <![CDATA[14]]>
              </value>
            </param>
            <param index="7">
              <value>
                <![CDATA[First class]]>
              </value>
            </param>
            <param index="8">
              <value>
                <![CDATA[Pangea Airlines]]>
              </value>
            </param>
          </params>
          <reporter-output>
          </reporter-output>
        </test-method> <!-- RoundTrip -->
        <test-method status="PASS" signature="driverQuit()[pri:0, instance:tours.RoundTripTestCase@1ebd319f]" name="driverQuit" is-config="true" duration-ms="87" started-at="2020-04-22T22:01:27 IST" finished-at="2020-04-22T22:01:27 IST">
          <reporter-output>
          </reporter-output>
        </test-method> <!-- driverQuit -->
      </class> <!-- tours.RoundTripTestCase -->
      <class name="tours.SignOnTestCase">
        <test-method status="PASS" signature="initializeDriver()[pri:0, instance:tours.SignOnTestCase@7a675056]" name="initializeDriver" is-config="true" duration-ms="3301" started-at="2020-04-22T22:02:24 IST" finished-at="2020-04-22T22:02:27 IST">
          <reporter-output>
          </reporter-output>
        </test-method> <!-- initializeDriver -->
        <test-method status="PASS" signature="signOnPage(java.lang.String, java.lang.String)[pri:0, instance:tours.SignOnTestCase@7a675056]" name="signOnPage" duration-ms="3986" started-at="2020-04-22T22:02:27 IST" data-provider="getData" finished-at="2020-04-22T22:02:31 IST">
          <params>
            <param index="0">
              <value>
                <![CDATA[anwesh]]>
              </value>
            </param>
            <param index="1">
              <value>
                <![CDATA[1234]]>
              </value>
            </param>
          </params>
          <reporter-output>
          </reporter-output>
        </test-method> <!-- signOnPage -->
        <test-method status="PASS" signature="driverQuit()[pri:0, instance:tours.SignOnTestCase@7a675056]" name="driverQuit" is-config="true" duration-ms="82" started-at="2020-04-22T22:02:31 IST" finished-at="2020-04-22T22:02:31 IST">
          <reporter-output>
          </reporter-output>
        </test-method> <!-- driverQuit -->
        <test-method status="PASS" signature="initializeDriver()[pri:0, instance:tours.SignOnTestCase@7a675056]" name="initializeDriver" is-config="true" duration-ms="3625" started-at="2020-04-22T22:02:31 IST" finished-at="2020-04-22T22:02:35 IST">
          <reporter-output>
          </reporter-output>
        </test-method> <!-- initializeDriver -->
        <test-method status="PASS" signature="signOnPage(java.lang.String, java.lang.String)[pri:0, instance:tours.SignOnTestCase@7a675056]" name="signOnPage" duration-ms="3724" started-at="2020-04-22T22:02:35 IST" data-provider="getData" finished-at="2020-04-22T22:02:38 IST">
          <params>
            <param index="0">
              <value>
                <![CDATA[snehith]]>
              </value>
            </param>
            <param index="1">
              <value>
                <![CDATA[12345]]>
              </value>
            </param>
          </params>
          <reporter-output>
          </reporter-output>
        </test-method> <!-- signOnPage -->
        <test-method status="PASS" signature="driverQuit()[pri:0, instance:tours.SignOnTestCase@7a675056]" name="driverQuit" is-config="true" duration-ms="86" started-at="2020-04-22T22:02:38 IST" finished-at="2020-04-22T22:02:38 IST">
          <reporter-output>
          </reporter-output>
        </test-method> <!-- driverQuit -->
        <test-method status="PASS" signature="initializeDriver()[pri:0, instance:tours.SignOnTestCase@7a675056]" name="initializeDriver" is-config="true" duration-ms="3162" started-at="2020-04-22T22:02:38 IST" finished-at="2020-04-22T22:02:42 IST">
          <reporter-output>
          </reporter-output>
        </test-method> <!-- initializeDriver -->
        <test-method status="PASS" signature="signOnPage(java.lang.String, java.lang.String)[pri:0, instance:tours.SignOnTestCase@7a675056]" name="signOnPage" duration-ms="3419" started-at="2020-04-22T22:02:42 IST" data-provider="getData" finished-at="2020-04-22T22:02:45 IST">
          <params>
            <param index="0">
              <value>
                <![CDATA[karunya]]>
              </value>
            </param>
            <param index="1">
              <value>
                <![CDATA[123456]]>
              </value>
            </param>
          </params>
          <reporter-output>
          </reporter-output>
        </test-method> <!-- signOnPage -->
        <test-method status="PASS" signature="driverQuit()[pri:0, instance:tours.SignOnTestCase@7a675056]" name="driverQuit" is-config="true" duration-ms="82" started-at="2020-04-22T22:02:45 IST" finished-at="2020-04-22T22:02:45 IST">
          <reporter-output>
          </reporter-output>
        </test-method> <!-- driverQuit -->
      </class> <!-- tours.SignOnTestCase -->
      <class name="tours.HomePageTestCase">
        <test-method status="PASS" signature="initializeDriver()[pri:0, instance:tours.HomePageTestCase@15ca7889]" name="initializeDriver" is-config="true" duration-ms="3789" started-at="2020-04-22T22:01:55 IST" finished-at="2020-04-22T22:01:59 IST">
          <reporter-output>
          </reporter-output>
        </test-method> <!-- initializeDriver -->
        <test-method status="PASS" signature="HomePageTest()[pri:0, instance:tours.HomePageTestCase@15ca7889]" name="HomePageTest" duration-ms="11276" started-at="2020-04-22T22:01:59 IST" finished-at="2020-04-22T22:02:10 IST">
          <reporter-output>
          </reporter-output>
        </test-method> <!-- HomePageTest -->
        <test-method status="PASS" signature="driverQuit()[pri:0, instance:tours.HomePageTestCase@15ca7889]" name="driverQuit" is-config="true" duration-ms="87" started-at="2020-04-22T22:02:10 IST" finished-at="2020-04-22T22:02:10 IST">
          <reporter-output>
          </reporter-output>
        </test-method> <!-- driverQuit -->
        <test-method status="PASS" signature="initializeDriver()[pri:0, instance:tours.HomePageTestCase@15ca7889]" name="initializeDriver" is-config="true" duration-ms="3774" started-at="2020-04-22T22:02:10 IST" finished-at="2020-04-22T22:02:14 IST">
          <reporter-output>
          </reporter-output>
        </test-method> <!-- initializeDriver -->
        <test-method status="PASS" signature="validatingText()[pri:0, instance:tours.HomePageTestCase@15ca7889]" name="validatingText" duration-ms="47" started-at="2020-04-22T22:02:14 IST" finished-at="2020-04-22T22:02:14 IST">
          <reporter-output>
          </reporter-output>
        </test-method> <!-- validatingText -->
        <test-method status="PASS" signature="driverQuit()[pri:0, instance:tours.HomePageTestCase@15ca7889]" name="driverQuit" is-config="true" duration-ms="84" started-at="2020-04-22T22:02:14 IST" finished-at="2020-04-22T22:02:14 IST">
          <reporter-output>
          </reporter-output>
        </test-method> <!-- driverQuit -->
        <test-method status="PASS" signature="initializeDriver()[pri:0, instance:tours.HomePageTestCase@15ca7889]" name="initializeDriver" is-config="true" duration-ms="3375" started-at="2020-04-22T22:02:14 IST" finished-at="2020-04-22T22:02:18 IST">
          <reporter-output>
          </reporter-output>
        </test-method> <!-- initializeDriver -->
        <test-method status="PASS" signature="validatingText2()[pri:0, instance:tours.HomePageTestCase@15ca7889]" name="validatingText2" duration-ms="36" started-at="2020-04-22T22:02:18 IST" finished-at="2020-04-22T22:02:18 IST">
          <reporter-output>
          </reporter-output>
        </test-method> <!-- validatingText2 -->
        <test-method status="PASS" signature="driverQuit()[pri:0, instance:tours.HomePageTestCase@15ca7889]" name="driverQuit" is-config="true" duration-ms="77" started-at="2020-04-22T22:02:18 IST" finished-at="2020-04-22T22:02:18 IST">
          <reporter-output>
          </reporter-output>
        </test-method> <!-- driverQuit -->
        <test-method status="PASS" signature="initializeDriver()[pri:0, instance:tours.HomePageTestCase@15ca7889]" name="initializeDriver" is-config="true" duration-ms="5128" started-at="2020-04-22T22:02:18 IST" finished-at="2020-04-22T22:02:23 IST">
          <reporter-output>
          </reporter-output>
        </test-method> <!-- initializeDriver -->
        <test-method status="FAIL" signature="validatingText3()[pri:0, instance:tours.HomePageTestCase@15ca7889]" name="validatingText3" duration-ms="25" started-at="2020-04-22T22:02:23 IST" finished-at="2020-04-22T22:02:23 IST">
          <exception class="java.lang.AssertionError">
            <message>
              <![CDATA[expected [Atlanta to Las Vegas] but found [Atlanta to Las Vegas i know what to do]]]>
            </message>
            <full-stacktrace>
              <![CDATA[java.lang.AssertionError: expected [Atlanta to Las Vegas] but found [Atlanta to Las Vegas i know what to do]
at org.testng.Assert.fail(Assert.java:97)
at org.testng.Assert.assertEqualsImpl(Assert.java:136)
at org.testng.Assert.assertEquals(Assert.java:118)
at org.testng.Assert.assertEquals(Assert.java:575)
at org.testng.Assert.assertEquals(Assert.java:585)
at tours.HomePageTestCase.validatingText3(HomePageTestCase.java:117)
at sun.reflect.NativeMethodAccessorImpl.invoke0(Native Method)
at sun.reflect.NativeMethodAccessorImpl.invoke(NativeMethodAccessorImpl.java:62)
at sun.reflect.DelegatingMethodAccessorImpl.invoke(DelegatingMethodAccessorImpl.java:43)
at java.lang.reflect.Method.invoke(Method.java:498)
at org.testng.internal.MethodInvocationHelper.invokeMethod(MethodInvocationHelper.java:135)
at org.testng.internal.TestInvoker.invokeMethod(TestInvoker.java:598)
at org.testng.internal.TestInvoker.invokeTestMethod(TestInvoker.java:174)
at org.testng.internal.MethodRunner.runInSequence(MethodRunner.java:46)
at org.testng.internal.TestInvoker$MethodInvocationAgent.invoke(TestInvoker.java:821)
at org.testng.internal.TestInvoker.invokeTestMethods(TestInvoker.java:147)
at org.testng.internal.TestMethodWorker.invokeTestMethods(TestMethodWorker.java:146)
at org.testng.internal.TestMethodWorker.run(TestMethodWorker.java:128)
at java.util.ArrayList.forEach(ArrayList.java:1257)
at org.testng.TestRunner.privateRun(TestRunner.java:767)
at org.testng.TestRunner.run(TestRunner.java:588)
at org.testng.SuiteRunner.runTest(SuiteRunner.java:384)
at org.testng.SuiteRunner.runSequentially(SuiteRunner.java:378)
at org.testng.SuiteRunner.privateRun(SuiteRunner.java:337)
at org.testng.SuiteRunner.run(SuiteRunner.java:286)
at org.testng.SuiteRunnerWorker.runSuite(SuiteRunnerWorker.java:53)
at org.testng.SuiteRunnerWorker.run(SuiteRunnerWorker.java:96)
at org.testng.TestNG.runSuitesSequentially(TestNG.java:1214)
at org.testng.TestNG.runSuitesLocally(TestNG.java:1136)
at org.testng.TestNG.runSuites(TestNG.java:1066)
at org.testng.TestNG.run(TestNG.java:1034)
at org.testng.remote.AbstractRemoteTestNG.run(AbstractRemoteTestNG.java:115)
at org.testng.remote.RemoteTestNG.initAndRun(RemoteTestNG.java:251)
at org.testng.remote.RemoteTestNG.main(RemoteTestNG.java:77)
]]>
            </full-stacktrace>
          </exception> <!-- java.lang.AssertionError -->
          <reporter-output>
          </reporter-output>
        </test-method> <!-- validatingText3 -->
        <test-method status="PASS" signature="driverQuit()[pri:0, instance:tours.HomePageTestCase@15ca7889]" name="driverQuit" is-config="true" duration-ms="78" started-at="2020-04-22T22:02:23 IST" finished-at="2020-04-22T22:02:24 IST">
          <reporter-output>
          </reporter-output>
        </test-method> <!-- driverQuit -->
      </class> <!-- tours.HomePageTestCase -->
      <class name="tours.OneWaytripTestCase">
        <test-method status="PASS" signature="initializeDriver()[pri:0, instance:tours.OneWaytripTestCase@7b02881e]" name="initializeDriver" is-config="true" duration-ms="7580" started-at="2020-04-22T22:01:00 IST" finished-at="2020-04-22T22:01:08 IST">
          <reporter-output>
          </reporter-output>
        </test-method> <!-- initializeDriver -->
        <test-method status="PASS" signature="login(java.lang.String, java.lang.String)[pri:0, instance:tours.OneWaytripTestCase@7b02881e]" name="login" duration-ms="3905" started-at="2020-04-22T22:01:08 IST" finished-at="2020-04-22T22:01:12 IST">
          <params>
            <param index="0">
              <value>
                <![CDATA[anwesh]]>
              </value>
            </param>
            <param index="1">
              <value>
                <![CDATA[1234]]>
              </value>
            </param>
          </params>
          <reporter-output>
          </reporter-output>
        </test-method> <!-- login -->
        <test-method status="PASS" signature="oneWayTrip(java.lang.String, java.lang.String, java.lang.String, java.lang.String, java.lang.String, java.lang.String, java.lang.String)[pri:0, instance:tours.OneWaytripTestCase@7b02881e]" name="oneWayTrip" duration-ms="3526" started-at="2020-04-22T22:01:12 IST" data-provider="getData" depends-on-methods="tours.OneWaytripTestCase.login" finished-at="2020-04-22T22:01:16 IST">
          <params>
            <param index="0">
              <value>
                <![CDATA[3]]>
              </value>
            </param>
            <param index="1">
              <value>
                <![CDATA[London]]>
              </value>
            </param>
            <param index="2">
              <value>
                <![CDATA[May]]>
              </value>
            </param>
            <param index="3">
              <value>
                <![CDATA[22]]>
              </value>
            </param>
            <param index="4">
              <value>
                <![CDATA[Sydney]]>
              </value>
            </param>
            <param index="5">
              <value>
                <![CDATA[Economy class]]>
              </value>
            </param>
            <param index="6">
              <value>
                <![CDATA[Unified Airlines]]>
              </value>
            </param>
          </params>
          <reporter-output>
          </reporter-output>
        </test-method> <!-- oneWayTrip -->
        <test-method status="PASS" signature="driverQuit()[pri:0, instance:tours.OneWaytripTestCase@7b02881e]" name="driverQuit" is-config="true" duration-ms="87" started-at="2020-04-22T22:01:16 IST" finished-at="2020-04-22T22:01:16 IST">
          <reporter-output>
          </reporter-output>
        </test-method> <!-- driverQuit -->
      </class> <!-- tours.OneWaytripTestCase -->
    </test> <!-- Regression -->
  </suite> <!-- Suite -->
</testng-results>
