<?xml version="1.0" encoding="UTF-8"?>
<!-- Generated by org.testng.reporters.JUnitXMLReporter -->
<testsuite hostname="Anweshs-MacBook-Pro.local" ignored="0" name="Test" tests="3" failures="0" timestamp="2020-04-22T02:39:51 IST" time="10.825" errors="0">
  <testcase name="registerPage" time="2.043" classname="tours.RegisterTestCase"/>
  <testcase name="registerPage" time="2.123" classname="tours.RegisterTestCase"/>
  <testcase name="registerPage" time="1.654" classname="tours.RegisterTestCase"/>
</testsuite> <!-- Test -->
