<?xml version="1.0" encoding="UTF-8"?>
<!-- Generated by org.testng.reporters.JUnitXMLReporter -->
<testsuite hostname="Anweshs-MacBook-Pro.local" ignored="0" name="Test" tests="4" failures="0" timestamp="2020-04-22T21:04:44 IST" time="27.563" errors="0">
  <testcase name="login" time="6.32" classname="tours.OneWaytripTestCase"/>
  <testcase name="oneWayTrip" time="3.56" classname="tours.OneWaytripTestCase"/>
  <testcase name="login" time="5.795" classname="tours.RoundTripTestCase"/>
  <testcase name="RoundTrip" time="3.536" classname="tours.RoundTripTestCase"/>
</testsuite> <!-- Test -->
